[2025-12-22T01:11:02.622Z] GET /api/tickets page=1 limit=50
[2025-12-22T01:11:02.628Z] ERROR in GET /api/tickets: fetch failed
[2025-12-22T01:11:02.663Z] GET /api/tickets page=1 limit=50
[2025-12-22T01:11:02.676Z] ERROR in GET /api/tickets: fetch failed
[2025-12-22T01:11:45.661Z] GET /api/tickets page=1 limit=50
[2025-12-22T01:11:45.674Z] ERROR in GET /api/tickets: fetch failed
[2025-12-22T01:11:45.733Z] GET /api/tickets page=1 limit=50
[2025-12-22T01:11:45.744Z] ERROR in GET /api/tickets: fetch failed
[2025-12-22T01:11:51.927Z] GET /api/tickets page=1 limit=50
[2025-12-22T01:11:51.944Z] ERROR in GET /api/tickets: fetch failed
[2025-12-22T01:11:51.992Z] GET /api/tickets page=1 limit=50
[2025-12-22T01:11:52.000Z] ERROR in GET /api/tickets: fetch failed
[2025-12-22T01:12:45.024Z] GET /api/tickets page=1 limit=50
[2025-12-22T01:12:45.041Z] ERROR in GET /api/tickets: fetch failed
[2025-12-22T01:12:45.128Z] GET /api/tickets page=1 limit=50
[2025-12-22T01:12:45.142Z] ERROR in GET /api/tickets: fetch failed
[2025-12-22T01:12:51.310Z] GET /api/tickets page=1 limit=50
[2025-12-22T01:12:51.328Z] ERROR in GET /api/tickets: fetch failed
[2025-12-22T01:12:51.377Z] GET /api/tickets page=1 limit=50
[2025-12-22T01:12:51.388Z] ERROR in GET /api/tickets: fetch failed
[2025-12-22T01:13:06.378Z] GET /api/tickets page=1 limit=50
[2025-12-22T01:13:06.858Z] Backend responded: {"data":[{"id":5,"customer":{"id":2,"name":"+1 540-629-0683","phone":"+1 540-629-0683","isOnBoarding...
[2025-12-22T01:13:06.940Z] GET /api/tickets page=1 limit=50
[2025-12-22T01:13:07.065Z] Backend responded: {"data":[{"id":5,"customer":{"id":2,"name":"+1 540-629-0683","phone":"+1 540-629-0683","isOnBoarding...
[2025-12-22T01:13:16.239Z] GET /api/tickets page=1 limit=50
[2025-12-22T01:13:16.374Z] Backend responded: {"data":[{"id":5,"customer":{"id":2,"name":"+1 540-629-0683","phone":"+1 540-629-0683","isOnBoarding...
[2025-12-22T01:13:16.489Z] GET /api/tickets page=1 limit=50
[2025-12-22T01:13:16.615Z] Backend responded: {"data":[{"id":5,"customer":{"id":2,"name":"+1 540-629-0683","phone":"+1 540-629-0683","isOnBoarding...
[2025-12-22T01:13:41.566Z] GET /api/tickets page=1 limit=50
[2025-12-22T01:13:42.016Z] Backend responded: {"data":[{"id":5,"customer":{"id":2,"name":"+1 540-629-0683","phone":"+1 540-629-0683","isOnBoarding...
[2025-12-22T01:13:42.053Z] GET /api/tickets page=1 limit=50
[2025-12-22T01:13:42.183Z] Backend responded: {"data":[{"id":5,"customer":{"id":2,"name":"+1 540-629-0683","phone":"+1 540-629-0683","isOnBoarding...
[2025-12-22T01:17:16.090Z] GET /api/tickets page=1 limit=50
[2025-12-22T01:17:16.694Z] Backend responded: {"data":[{"id":5,"customer":{"id":2,"name":"+1 540-629-0683","phone":"+1 540-629-0683","isOnBoarding...
[2025-12-22T01:17:17.079Z] GET /api/tickets page=1 limit=50
[2025-12-22T01:17:17.229Z] Backend responded: {"data":[{"id":5,"customer":{"id":2,"name":"+1 540-629-0683","phone":"+1 540-629-0683","isOnBoarding...
[2025-12-22T01:17:23.525Z] GET /api/tickets page=1 limit=50
[2025-12-22T01:17:23.652Z] Backend responded: {"data":[{"id":5,"customer":{"id":2,"name":"+1 540-629-0683","phone":"+1 540-629-0683","isOnBoarding...
[2025-12-22T01:17:23.718Z] GET /api/tickets page=1 limit=50
[2025-12-22T01:17:23.847Z] Backend responded: {"data":[{"id":5,"customer":{"id":2,"name":"+1 540-629-0683","phone":"+1 540-629-0683","isOnBoarding...
[2025-12-22T01:26:29.747Z] GET /api/tickets page=1 limit=50
[2025-12-22T01:26:29.876Z] Backend responded: {"data":[{"id":5,"customer":{"id":2,"name":"+1 540-629-0683","phone":"+1 540-629-0683","isOnBoarding...
[2025-12-22T01:26:29.963Z] GET /api/tickets page=1 limit=50
[2025-12-22T01:26:30.082Z] Backend responded: {"data":[{"id":5,"customer":{"id":2,"name":"+1 540-629-0683","phone":"+1 540-629-0683","isOnBoarding...
[2025-12-22T03:19:46.082Z] GET /api/tickets page=1 limit=50
[2025-12-22T03:19:46.600Z] Backend responded: {"data":[{"id":5,"customer":{"id":2,"name":"+1 540-629-0683","phone":"+1 540-629-0683","isOnBoarding...
[2025-12-22T03:19:46.630Z] GET /api/tickets page=1 limit=50
[2025-12-22T03:19:46.748Z] Backend responded: {"data":[{"id":5,"customer":{"id":2,"name":"+1 540-629-0683","phone":"+1 540-629-0683","isOnBoarding...
[2025-12-22T03:21:04.161Z] GET /api/tickets page=1 limit=50
[2025-12-22T03:21:04.632Z] Backend responded: {"data":[{"id":5,"customer":{"id":2,"name":"+1 540-629-0683","phone":"+1 540-629-0683","isOnBoarding...
[2025-12-22T03:21:04.668Z] GET /api/tickets page=1 limit=50
[2025-12-22T03:21:04.784Z] Backend responded: {"data":[{"id":5,"customer":{"id":2,"name":"+1 540-629-0683","phone":"+1 540-629-0683","isOnBoarding...
[2025-12-22T03:21:16.112Z] GET /api/tickets page=1 limit=50
[2025-12-22T03:21:16.553Z] Backend responded: {"data":[{"id":5,"customer":{"id":2,"name":"+1 540-629-0683","phone":"+1 540-629-0683","isOnBoarding...
[2025-12-22T03:21:16.579Z] GET /api/tickets page=1 limit=50
[2025-12-22T03:21:16.692Z] Backend responded: {"data":[{"id":5,"customer":{"id":2,"name":"+1 540-629-0683","phone":"+1 540-629-0683","isOnBoarding...
[2025-12-22T03:22:05.147Z] GET /api/tickets page=1 limit=50
[2025-12-22T03:22:05.658Z] Backend responded: {"data":[{"id":5,"customer":{"id":2,"name":"+1 540-629-0683","phone":"+1 540-629-0683","isOnBoarding...
[2025-12-22T03:22:05.686Z] GET /api/tickets page=1 limit=50
[2025-12-22T03:22:05.800Z] Backend responded: {"data":[{"id":5,"customer":{"id":2,"name":"+1 540-629-0683","phone":"+1 540-629-0683","isOnBoarding...
[2025-12-22T03:22:09.669Z] GET /api/tickets page=1 limit=50
[2025-12-22T03:22:09.798Z] Backend responded: {"data":[{"id":5,"customer":{"id":2,"name":"+1 540-629-0683","phone":"+1 540-629-0683","isOnBoarding...
[2025-12-22T03:22:09.825Z] GET /api/tickets page=1 limit=50
[2025-12-22T03:22:09.983Z] Backend responded: {"data":[{"id":5,"customer":{"id":2,"name":"+1 540-629-0683","phone":"+1 540-629-0683","isOnBoarding...
[2025-12-22T03:26:17.069Z] GET /api/tickets page=1 limit=50
[2025-12-22T03:26:17.646Z] Backend responded: {"data":[{"id":5,"customer":{"id":2,"name":"+1 540-629-0683","phone":"+1 540-629-0683","isOnBoarding...
[2025-12-22T03:26:17.668Z] GET /api/tickets page=1 limit=50
[2025-12-22T03:26:17.776Z] Backend responded: {"data":[{"id":5,"customer":{"id":2,"name":"+1 540-629-0683","phone":"+1 540-629-0683","isOnBoarding...
[2025-12-22T03:26:35.486Z] GET /api/tickets page=1 limit=50
[2025-12-22T03:26:35.916Z] Backend responded: {"data":[{"id":5,"customer":{"id":2,"name":"+1 540-629-0683","phone":"+1 540-629-0683","isOnBoarding...
[2025-12-22T03:26:35.945Z] GET /api/tickets page=1 limit=50
[2025-12-22T03:26:36.050Z] Backend responded: {"data":[{"id":5,"customer":{"id":2,"name":"+1 540-629-0683","phone":"+1 540-629-0683","isOnBoarding...
[2025-12-22T03:26:57.940Z] GET /api/tickets page=1 limit=50
[2025-12-22T03:26:58.061Z] Backend responded: {"data":[{"id":5,"customer":{"id":2,"name":"+1 540-629-0683","phone":"+1 540-629-0683","isOnBoarding...
[2025-12-22T03:26:58.088Z] GET /api/tickets page=1 limit=50
[2025-12-22T03:26:58.206Z] Backend responded: {"data":[{"id":5,"customer":{"id":2,"name":"+1 540-629-0683","phone":"+1 540-629-0683","isOnBoarding...
[2025-12-22T03:35:07.446Z] GET /api/tickets page=1 limit=50
[2025-12-22T03:35:07.457Z] GET /api/tickets page=1 limit=50
[2025-12-22T03:35:07.904Z] Backend responded: {"data":[{"id":5,"customer":{"id":2,"name":"+1 540-629-0683","phone":"+1 540-629-0683","isOnBoarding...
[2025-12-22T03:35:07.910Z] Backend responded: {"data":[{"id":5,"customer":{"id":2,"name":"+1 540-629-0683","phone":"+1 540-629-0683","isOnBoarding...
[2025-12-22T03:35:10.950Z] GET /api/tickets page=1 limit=50
[2025-12-22T03:35:11.062Z] Backend responded: {"data":[{"id":5,"customer":{"id":2,"name":"+1 540-629-0683","phone":"+1 540-629-0683","isOnBoarding...
[2025-12-22T03:35:11.080Z] GET /api/tickets page=1 limit=50
[2025-12-22T03:35:11.188Z] Backend responded: {"data":[{"id":5,"customer":{"id":2,"name":"+1 540-629-0683","phone":"+1 540-629-0683","isOnBoarding...
[2025-12-22T03:35:30.644Z] GET /api/tickets page=1 limit=50
[2025-12-22T03:35:30.665Z] GET /api/tickets page=1 limit=50
[2025-12-22T03:35:31.112Z] Backend responded: {"data":[{"id":5,"customer":{"id":2,"name":"+1 540-629-0683","phone":"+1 540-629-0683","isOnBoarding...
[2025-12-22T03:35:31.128Z] Backend responded: {"data":[{"id":5,"customer":{"id":2,"name":"+1 540-629-0683","phone":"+1 540-629-0683","isOnBoarding...
[2025-12-22T03:35:33.393Z] GET /api/tickets page=1 limit=50
[2025-12-22T03:35:33.513Z] Backend responded: {"data":[{"id":5,"customer":{"id":2,"name":"+1 540-629-0683","phone":"+1 540-629-0683","isOnBoarding...
[2025-12-22T03:35:33.545Z] GET /api/tickets page=1 limit=50
[2025-12-22T03:35:33.666Z] Backend responded: {"data":[{"id":5,"customer":{"id":2,"name":"+1 540-629-0683","phone":"+1 540-629-0683","isOnBoarding...
[2025-12-22T03:36:32.880Z] GET /api/tickets page=1 limit=50
[2025-12-22T03:36:33.314Z] Backend responded: {"data":[{"id":5,"customer":{"id":2,"name":"+1 540-629-0683","phone":"+1 540-629-0683","isOnBoarding...
[2025-12-22T03:36:33.336Z] GET /api/tickets page=1 limit=50
[2025-12-22T03:36:33.445Z] Backend responded: {"data":[{"id":5,"customer":{"id":2,"name":"+1 540-629-0683","phone":"+1 540-629-0683","isOnBoarding...
[2025-12-22T03:37:02.081Z] GET /api/tickets page=1 limit=50
[2025-12-22T03:37:02.697Z] Backend responded: {"data":[{"id":5,"customer":{"id":2,"name":"+1 540-629-0683","phone":"+1 540-629-0683","isOnBoarding...
[2025-12-22T03:37:02.713Z] GET /api/tickets page=1 limit=50
[2025-12-22T03:37:02.820Z] Backend responded: {"data":[{"id":5,"customer":{"id":2,"name":"+1 540-629-0683","phone":"+1 540-629-0683","isOnBoarding...
[2025-12-22T03:38:49.006Z] GET /api/tickets page=1 limit=50
[2025-12-22T03:38:49.465Z] Backend responded: {"data":[{"id":5,"customer":{"id":2,"name":"+1 540-629-0683","phone":"+1 540-629-0683","isOnBoarding...
[2025-12-22T03:38:49.504Z] GET /api/tickets page=1 limit=50
[2025-12-22T03:38:49.619Z] Backend responded: {"data":[{"id":5,"customer":{"id":2,"name":"+1 540-629-0683","phone":"+1 540-629-0683","isOnBoarding...
[2025-12-22T03:39:09.110Z] GET /api/tickets page=1 limit=50
[2025-12-22T03:39:09.577Z] Backend responded: {"data":[{"id":5,"customer":{"id":2,"name":"+1 540-629-0683","phone":"+1 540-629-0683","isOnBoarding...
[2025-12-22T03:39:09.599Z] GET /api/tickets page=1 limit=50
[2025-12-22T03:39:09.718Z] Backend responded: {"data":[{"id":5,"customer":{"id":2,"name":"+1 540-629-0683","phone":"+1 540-629-0683","isOnBoarding...
[2025-12-22T03:41:26.994Z] GET /api/tickets page=1 limit=50
[2025-12-22T03:41:27.463Z] Backend responded: {"data":[{"id":7,"customer":{"id":1,"name":"DAQUARIUS DAWKINS NFL","phone":"+1 469-338-1031","isOnBo...
[2025-12-22T03:41:27.488Z] GET /api/tickets page=1 limit=50
[2025-12-22T03:41:27.595Z] Backend responded: {"data":[{"id":7,"customer":{"id":1,"name":"DAQUARIUS DAWKINS NFL","phone":"+1 469-338-1031","isOnBo...
[2025-12-22T03:44:24.136Z] GET /api/tickets page=1 limit=50
[2025-12-22T03:44:24.593Z] Backend responded: {"data":[{"id":8,"customer":{"id":4,"name":"Juan Pérez","phone":"+1234567890","isOnBoarding":false,"...
[2025-12-22T03:44:24.632Z] GET /api/tickets page=1 limit=50
[2025-12-22T03:44:24.754Z] Backend responded: {"data":[{"id":8,"customer":{"id":4,"name":"Juan Pérez","phone":"+1234567890","isOnBoarding":false,"...
[2025-12-22T03:45:21.379Z] GET /api/tickets page=1 limit=50
[2025-12-22T03:45:21.829Z] Backend responded: {"data":[{"id":8,"customer":{"id":4,"name":"Juan Pérez","phone":"+1234567890","isOnBoarding":false,"...
[2025-12-22T03:45:21.849Z] GET /api/tickets page=1 limit=50
[2025-12-22T03:45:21.969Z] Backend responded: {"data":[{"id":8,"customer":{"id":4,"name":"Juan Pérez","phone":"+1234567890","isOnBoarding":false,"...
[2025-12-22T03:45:27.898Z] GET /api/tickets page=1 limit=50
[2025-12-22T03:45:28.022Z] Backend responded: {"data":[{"id":8,"customer":{"id":4,"name":"Juan Pérez","phone":"+1234567890","isOnBoarding":false,"...
[2025-12-22T03:45:28.048Z] GET /api/tickets page=1 limit=50
[2025-12-22T03:45:28.160Z] Backend responded: {"data":[{"id":8,"customer":{"id":4,"name":"Juan Pérez","phone":"+1234567890","isOnBoarding":false,"...
[2025-12-22T03:45:52.369Z] GET /api/tickets page=1 limit=50
[2025-12-22T03:45:52.484Z] Backend responded: {"data":[{"id":7,"customer":{"id":1,"name":"DAQUARIUS DAWKINS NFL","phone":"+1 469-338-1031","isOnBo...
[2025-12-22T03:45:52.505Z] GET /api/tickets page=1 limit=50
[2025-12-22T03:45:52.616Z] Backend responded: {"data":[{"id":7,"customer":{"id":1,"name":"DAQUARIUS DAWKINS NFL","phone":"+1 469-338-1031","isOnBo...
[2025-12-22T03:47:47.384Z] GET /api/tickets page=1 limit=50
[2025-12-22T03:47:47.507Z] Backend responded: {"data":[{"id":7,"customer":{"id":1,"name":"DAQUARIUS DAWKINS NFL","phone":"+1 469-338-1031","isOnBo...
[2025-12-22T03:47:47.528Z] GET /api/tickets page=1 limit=50
[2025-12-22T03:47:47.640Z] Backend responded: {"data":[{"id":7,"customer":{"id":1,"name":"DAQUARIUS DAWKINS NFL","phone":"+1 469-338-1031","isOnBo...
[2025-12-22T03:50:08.660Z] GET /api/tickets page=1 limit=50
[2025-12-22T03:50:08.799Z] Backend responded: {"data":[{"id":7,"customer":{"id":1,"name":"DAQUARIUS DAWKINS NFL","phone":"+1 469-338-1031","isOnBo...
[2025-12-22T03:50:08.822Z] GET /api/tickets page=1 limit=50
[2025-12-22T03:50:08.983Z] Backend responded: {"data":[{"id":7,"customer":{"id":1,"name":"DAQUARIUS DAWKINS NFL","phone":"+1 469-338-1031","isOnBo...
[2025-12-22T03:50:44.120Z] GET /api/tickets page=1 limit=50
[2025-12-22T03:50:44.242Z] Backend responded: {"data":[{"id":7,"customer":{"id":1,"name":"DAQUARIUS DAWKINS NFL","phone":"+1 469-338-1031","isOnBo...
[2025-12-22T03:50:44.268Z] GET /api/tickets page=1 limit=50
[2025-12-22T03:50:44.382Z] Backend responded: {"data":[{"id":7,"customer":{"id":1,"name":"DAQUARIUS DAWKINS NFL","phone":"+1 469-338-1031","isOnBo...
[2025-12-22T04:00:43.307Z] GET /api/tickets page=1 limit=50
[2025-12-22T04:00:44.040Z] Backend responded: {"data":[{"id":7,"customer":{"id":1,"name":"DAQUARIUS DAWKINS NFL","phone":"+1 469-338-1031","isOnBo...
[2025-12-22T04:00:44.153Z] GET /api/tickets page=1 limit=50
[2025-12-22T04:00:44.298Z] Backend responded: {"data":[{"id":7,"customer":{"id":1,"name":"DAQUARIUS DAWKINS NFL","phone":"+1 469-338-1031","isOnBo...
[2025-12-22T13:40:48.741Z] GET /api/tickets page=1 limit=50
[2025-12-22T13:40:49.707Z] Backend responded: {"data":[{"id":7,"customer":{"id":1,"name":"DAQUARIUS DAWKINS NFL","phone":"+1 469-338-1031","isOnBo...
[2025-12-22T13:40:49.779Z] GET /api/tickets page=1 limit=50
[2025-12-22T13:40:50.029Z] Backend responded: {"data":[{"id":7,"customer":{"id":1,"name":"DAQUARIUS DAWKINS NFL","phone":"+1 469-338-1031","isOnBo...
[2025-12-22T14:01:58.350Z] GET /api/tickets page=1 limit=50
[2025-12-22T14:02:00.601Z] Backend responded: {"data":[{"id":7,"customer":{"id":1,"name":"DAQUARIUS DAWKINS NFL","phone":"+1 469-338-1031","isOnBo...
[2025-12-22T14:02:00.640Z] GET /api/tickets page=1 limit=50
[2025-12-22T14:02:00.841Z] Backend responded: {"data":[{"id":7,"customer":{"id":1,"name":"DAQUARIUS DAWKINS NFL","phone":"+1 469-338-1031","isOnBo...
[2025-12-22T14:55:44.834Z] GET /api/tickets page=1 limit=50
[2025-12-22T14:55:49.257Z] Backend responded: {"data":[{"id":7,"customer":{"id":1,"name":"DAQUARIUS DAWKINS NFL","phone":"+1 469-338-1031","isOnBo...
[2025-12-22T14:55:49.309Z] GET /api/tickets page=1 limit=50
[2025-12-22T14:55:49.499Z] Backend responded: {"data":[{"id":7,"customer":{"id":1,"name":"DAQUARIUS DAWKINS NFL","phone":"+1 469-338-1031","isOnBo...
[2025-12-22T14:56:06.055Z] GET /api/tickets page=1 limit=50
[2025-12-22T14:56:06.824Z] Backend responded: {"data":[{"id":7,"customer":{"id":1,"name":"DAQUARIUS DAWKINS NFL","phone":"+1 469-338-1031","isOnBo...
[2025-12-22T14:56:06.854Z] GET /api/tickets page=1 limit=50
[2025-12-22T14:56:07.007Z] Backend responded: {"data":[{"id":7,"customer":{"id":1,"name":"DAQUARIUS DAWKINS NFL","phone":"+1 469-338-1031","isOnBo...
[2025-12-22T16:23:38.514Z] GET /api/tickets page=1 limit=50
[2025-12-22T16:23:40.192Z] Backend responded: {"data":[{"id":7,"customer":{"id":1,"name":"DAQUARIUS DAWKINS NFL","phone":"+1 469-338-1031","isOnBo...
[2025-12-22T16:23:40.246Z] GET /api/tickets page=1 limit=50
[2025-12-22T16:23:40.471Z] Backend responded: {"data":[{"id":7,"customer":{"id":1,"name":"DAQUARIUS DAWKINS NFL","phone":"+1 469-338-1031","isOnBo...
[2025-12-22T16:29:25.928Z] GET /api/tickets page=1 limit=50
[2025-12-22T16:29:28.034Z] Backend responded: {"data":[{"id":7,"customer":{"id":1,"name":"DAQUARIUS DAWKINS NFL","phone":"+1 469-338-1031","isOnBo...
[2025-12-22T16:29:28.073Z] GET /api/tickets page=1 limit=50
[2025-12-22T16:29:28.333Z] Backend responded: {"data":[{"id":7,"customer":{"id":1,"name":"DAQUARIUS DAWKINS NFL","phone":"+1 469-338-1031","isOnBo...
[2025-12-22T16:30:38.090Z] GET /api/tickets page=1 limit=50
[2025-12-22T16:30:38.940Z] Backend responded: {"data":[{"id":7,"customer":{"id":1,"name":"DAQUARIUS DAWKINS NFL","phone":"+1 469-338-1031","isOnBo...
[2025-12-22T16:30:38.971Z] GET /api/tickets page=1 limit=50
[2025-12-22T16:30:39.147Z] Backend responded: {"data":[{"id":7,"customer":{"id":1,"name":"DAQUARIUS DAWKINS NFL","phone":"+1 469-338-1031","isOnBo...
